<?xml version="1.0" encoding="UTF-8"?>
<!-- Generated by org.testng.reporters.JUnitReportReporter -->
<testsuite hostname="DESKTOP-G16DECV" failures="0" tests="3" name="com.Learning_TestNG.Learning_Data_Provider" time="11.064" errors="0" timestamp="2024-01-27T13:59:31 IST" skipped="0">
  <testcase classname="com.Learning_TestNG.Learning_Data_Provider" name="LoginTest" time="2.951"/>
  <system-out/>
  <testcase classname="com.Learning_TestNG.Learning_Data_Provider" name="LoginTest" time="4.966"/>
  <system-out/>
  <testcase classname="com.Learning_TestNG.Learning_Data_Provider" name="LoginTest" time="3.147"/>
  <system-out/>
</testsuite> <!-- com.Learning_TestNG.Learning_Data_Provider -->
