<?xml version="1.0" encoding="UTF-8"?>
<!-- Generated by org.testng.reporters.JUnitReportReporter -->
<testsuite hostname="DESKTOP-G16DECV" failures="0" tests="3" name="com.Learning_TestNG.First_TestNG_Class" time="0.060" errors="0" timestamp="2024-01-20T12:33:11 IST" skipped="0">
  <testcase classname="com.Learning_TestNG.First_TestNG_Class" name="searchTest" time="0.023"/>
  <system-out>
    <![CDATA[Execute search test case]]>
  </system-out>
  <testcase classname="com.Learning_TestNG.First_TestNG_Class" name="registerTest" time="0.004"/>
  <system-out>
    <![CDATA[Execute register test case]]>
  </system-out>
  <testcase classname="com.Learning_TestNG.First_TestNG_Class" name="loginTest" time="0.033"/>
  <system-out>
    <![CDATA[Execute Login TestCase ]]>
  </system-out>
</testsuite> <!-- com.Learning_TestNG.First_TestNG_Class -->
