<?xml version="1.0" encoding="UTF-8"?>
<!-- Generated by org.testng.reporters.JUnitReportReporter -->
<testsuite hostname="DESKTOP-G16DECV" failures="0" tests="1" name="com.Learning_TestNG.Learning_Excel_File" time="14.847" errors="0" timestamp="2024-01-28T13:12:08 IST" skipped="0">
  <testcase classname="com.Learning_TestNG.Learning_Excel_File" name="registerTest" time="14.847"/>
  <system-out/>
</testsuite> <!-- com.Learning_TestNG.Learning_Excel_File -->
