<?xml version="1.0" encoding="UTF-8"?>
<!-- Generated by org.testng.reporters.JUnitReportReporter -->
<testsuite hostname="DESKTOP-G16DECV" failures="0" tests="1" name="com.Learning_TestNG.Learning_ExtentReports" time="10.779" errors="0" timestamp="2024-02-03T14:02:53 IST" skipped="0">
  <testcase classname="com.Learning_TestNG.Learning_ExtentReports" name="loginTest" time="10.779"/>
  <system-out/>
</testsuite> <!-- com.Learning_TestNG.Learning_ExtentReports -->
