<?xml version="1.0" encoding="UTF-8"?>
<!-- Generated by org.testng.reporters.JUnitReportReporter -->
<testsuite hostname="DESKTOP-G16DECV" failures="0" tests="5" name="com.Learning_TestNG.Learning_InovationCount_Method" time="19.529" errors="0" timestamp="2024-01-20T13:35:51 IST" skipped="0">
  <testcase classname="com.Learning_TestNG.Learning_InovationCount_Method" name="loginDemoShop" time="4.520"/>
  <system-out/>
  <testcase classname="com.Learning_TestNG.Learning_InovationCount_Method" name="loginDemoShop" time="3.693"/>
  <system-out/>
  <testcase classname="com.Learning_TestNG.Learning_InovationCount_Method" name="loginDemoShop" time="3.845"/>
  <system-out/>
  <testcase classname="com.Learning_TestNG.Learning_InovationCount_Method" name="loginDemoShop" time="3.455"/>
  <system-out/>
  <testcase classname="com.Learning_TestNG.Learning_InovationCount_Method" name="loginDemoShop" time="4.016"/>
  <system-out/>
</testsuite> <!-- com.Learning_TestNG.Learning_InovationCount_Method -->
