<?xml version="1.0" encoding="UTF-8"?>
<!-- Generated by org.testng.reporters.JUnitReportReporter -->
<testsuite hostname="DESKTOP-G16DECV" failures="0" tests="1" name="com.Learning_TestNG.Learning_Configuration_Annotation" time="0.021" errors="0" timestamp="2024-01-20T14:20:31 IST" skipped="0">
  <testcase classname="com.Learning_TestNG.Learning_Configuration_Annotation" name="loginTest" time="0.021"/>
  <system-out>
    <![CDATA[execute login test]]>
  </system-out>
</testsuite> <!-- com.Learning_TestNG.Learning_Configuration_Annotation -->
