<?xml version="1.0" encoding="UTF-8"?>
<!-- Generated by org.testng.reporters.JUnitReportReporter -->
<testsuite hostname="DESKTOP-G16DECV" failures="0" tests="1" name="com.Learning_TestNG.Learning_HardAssert" time="12.349" errors="0" timestamp="2024-01-27T11:14:36 IST" skipped="0">
  <testcase classname="com.Learning_TestNG.Learning_HardAssert" name="loginTest" time="12.349"/>
  <system-out/>
</testsuite> <!-- com.Learning_TestNG.Learning_HardAssert -->
