<?xml version="1.0" encoding="UTF-8"?>
<!-- Generated by org.testng.reporters.JUnitReportReporter -->
<testsuite hostname="DESKTOP-G16DECV" failures="0" tests="3" name="com.Learning_TestNG.Learning_Priority_Attribute" time="0.027" errors="0" timestamp="2024-01-20T13:19:12 IST" skipped="0">
  <testcase classname="com.Learning_TestNG.Learning_Priority_Attribute" name="registerTest" time="0.019"/>
  <system-out>
    <![CDATA[Execute register test case]]>
  </system-out>
  <testcase classname="com.Learning_TestNG.Learning_Priority_Attribute" name="loginTest" time="0.004"/>
  <system-out>
    <![CDATA[Execute Login TestCase ]]>
  </system-out>
  <testcase classname="com.Learning_TestNG.Learning_Priority_Attribute" name="searchTest" time="0.004"/>
  <system-out>
    <![CDATA[Execute search test case]]>
  </system-out>
</testsuite> <!-- com.Learning_TestNG.Learning_Priority_Attribute -->
