<?xml version="1.0" encoding="UTF-8"?>
<!-- Generated by org.testng.reporters.JUnitReportReporter -->
<testsuite hostname="DESKTOP-G16DECV" failures="0" tests="5" name="com.Learning_TestNG.Learning_ParallelExecution_Method" time="88.946" errors="0" timestamp="2024-01-20T13:37:58 IST" skipped="0">
  <testcase classname="com.Learning_TestNG.Learning_ParallelExecution_Method" name="loginDemoShop" time="19.660"/>
  <system-out/>
  <testcase classname="com.Learning_TestNG.Learning_ParallelExecution_Method" name="loginDemoShop" time="19.802"/>
  <system-out/>
  <testcase classname="com.Learning_TestNG.Learning_ParallelExecution_Method" name="loginDemoShop" time="16.489"/>
  <system-out/>
  <testcase classname="com.Learning_TestNG.Learning_ParallelExecution_Method" name="loginDemoShop" time="16.506"/>
  <system-out/>
  <testcase classname="com.Learning_TestNG.Learning_ParallelExecution_Method" name="loginDemoShop" time="16.489"/>
  <system-out/>
</testsuite> <!-- com.Learning_TestNG.Learning_ParallelExecution_Method -->
