<?xml version="1.0" encoding="UTF-8"?>
<!-- Generated by org.testng.reporters.JUnitReportReporter -->
<testsuite hostname="DESKTOP-G16DECV" failures="0" tests="1" name="com.Learning_TestNG.Learning_POM_Classes" time="12.904" errors="0" timestamp="2024-02-03T11:40:50 IST" skipped="0">
  <testcase classname="com.Learning_TestNG.Learning_POM_Classes" name="loginTest" time="12.904"/>
  <system-out/>
</testsuite> <!-- com.Learning_TestNG.Learning_POM_Classes -->
